<?xml version="1.0" encoding="UTF-8"?>
<testsuite xmlns:xsi="http://www.w3.org/2001/XMLSchema-instance" xsi:noNamespaceSchemaLocation="https://maven.apache.org/surefire/maven-surefire-plugin/xsd/surefire-test-report-3.0.xsd" version="3.0" name="com.graphhopper.ift3913.mocks.LocationIndexAndWeightingMockTest" time="0.019" tests="3" errors="0" skipped="0" failures="0">
  <properties>
[...]
</properties>
  <testcase name="testSpeedLimitApplied" classname="com.graphhopper.ift3913.mocks.LocationIndexAndWeightingMockTest" time="0.009"/>
  <testcase name="testComputeWeight" classname="com.graphhopper.ift3913.mocks.LocationIndexAndWeightingMockTest" time="0.001"/>
  <testcase name="testSpeedLimitNotApplied" classname="com.graphhopper.ift3913.mocks.LocationIndexAndWeightingMockTest" time="0.0"/>
</testsuite>