<?xml version="1.0" encoding="UTF-8"?>
<testsuite xmlns:xsi="http://www.w3.org/2001/XMLSchema-instance" xsi:noNamespaceSchemaLocation="https://maven.apache.org/surefire/maven-surefire-plugin/xsd/surefire-test-report-3.0.xsd" version="3.0" name="com.graphhopper.ift3913.mocks.LocationIndexAndWeightingMockTest" time="1.255" tests="2" errors="0" skipped="0" failures="0">
  <properties>
[...]
</properties>
  <testcase name="scoreBetween_validSnaps_usesBothMocks" classname="com.graphhopper.ift3913.mocks.LocationIndexAndWeightingMockTest" time="1.206"/>
  <testcase name="scoreBetween_invalidSnap_returnsMinusOne_andSkipsWeighting" classname="com.graphhopper.ift3913.mocks.LocationIndexAndWeightingMockTest" time="0.006"/>
</testsuite>